<?xml version="1.0" encoding="UTF-8"?>
<!-- Generated by org.testng.reporters.JUnitReportReporter -->
<testsuite skipped="0" hostname="Gawhari" name="tests.HotelLogin" tests="1" failures="0" timestamp="04 Jul 2020 13:58:26 GMT" time="15.798" errors="0">
  <testcase name="loginToHotelPage" time="15.798" classname="tests.HotelLogin"/>
</testsuite> <!-- tests.HotelLogin -->
