<?xml version="1.0" encoding="UTF-8"?>
<!-- Generated by org.testng.reporters.JUnitReportReporter -->
<testsuite skipped="0" hostname="Gawhari" name="tests.AppleLogoTest" tests="4" failures="0" timestamp="05 Jul 2020 18:32:40 GMT" time="26.981" errors="0">
  <testcase name="pageTitle" time="7.173" classname="tests.AppleLogoTest"/>
  <testcase name="pageLogo" time="6.790" classname="tests.AppleLogoTest"/>
  <testcase name="test2" time="6.520" classname="tests.AppleLogoTest"/>
  <testcase name="test1" time="6.498" classname="tests.AppleLogoTest"/>
</testsuite> <!-- tests.AppleLogoTest -->
