<?xml version="1.0" encoding="UTF-8"?>
<!-- Generated by org.testng.reporters.JUnitReportReporter -->
<testsuite skipped="0" hostname="Gawhari" name="tests.TestNgFeatureDepends" tests="6" failures="0" timestamp="06 Jul 2020 13:31:48 GMT" time="0.017" errors="0">
  <testcase name="pageLogo" time="0.001" classname="tests.TestNgFeatureDepends"/>
  <testcase name="pageLogo" time="0.001" classname="tests.TestNgFeatureDepends"/>
  <testcase name="customerDetails" time="0.011" classname="tests.TestNgFeatureDepends"/>
  <testcase name="pageLogo" time="0.002" classname="tests.TestNgFeatureDepends"/>
  <testcase name="customerReg" time="0.001" classname="tests.TestNgFeatureDepends"/>
  <testcase name="pageTitle" time="0.001" classname="tests.TestNgFeatureDepends"/>
</testsuite> <!-- tests.TestNgFeatureDepends -->
